*** Using Compiler 'V5.06 update 5 (build 528)', folder: 'C:\Keil_v5\ARM\ARMCC\Bin'
Rebuild target 'LCD_PressureGage'
compiling main.c...
compiling App_ParamInput.c...
compiling App_ExternalOutput.c...
compiling App_Key.c...
compiling LCD.c...
compiling App_System.c...
compiling MeterInterface.c...
compiling py32f072_it.c...
compiling py32f072_hal_msp.c...
compiling APP_JM1203.c...
compiling APP_ModReg.c...
compiling APP_Sensor.c...
compiling ModbusRTU.c...
compiling GPIO_Config.c...
compiling Uart_Config.c...
compiling ADC_Config.c...
compiling PWM_Config.c...
compiling SPI_Config.c...
compiling Flash_Config.c...
assembling startup_py32f072xx.s...
compiling Timer_Config.c...
compiling system_py32f072.c...
compiling py32f072_hal.c...
compiling py32f072_hal_comp.c...
compiling py32f072_hal_adc_ex.c...
compiling py32f072_hal_cortex.c...
compiling py32f072_hal_adc.c...
compiling py32f072_hal_crc.c...
compiling py32f072_hal_ctc.c...
compiling py32f072_hal_div.c...
compiling py32f072_hal_exti.c...
compiling py32f072_hal_gpio.c...
compiling py32f072_hal_i2c.c...
compiling py32f072_hal_dma.c...
compiling py32f072_hal_flash.c...
compiling py32f072_hal_irda.c...
compiling py32f072_hal_iwdg.c...
compiling py32f072_hal_lcd.c...
compiling py32f072_hal_lptim.c...
compiling py32f072_hal_opa_ex.c...
compiling py32f072_hal_opa.c...
compiling py32f072_hal_pwr.c...
compiling py32f072_hal_rcc.c...
compiling py32f072_hal_smartcard.c...
compiling py32f072_hal_rcc_ex.c...
compiling py32f072_hal_tim_ex.c...
compiling py32f072_hal_spi.c...
compiling py32f072_hal_uart.c...
compiling py32f072_hal_usart.c...
compiling py32f072_hal_tim.c...
compiling py32f072_hal_wwdg.c...
linking...
Program Size: Code=52756 RO-data=36976 RW-data=3800 ZI-data=3448  
FromELF: creating hex file...
".\Objects\LCD_PressureGage.axf" - 0 Error(s), 0 Warning(s).
Build Time Elapsed:  00:00:07
